

Started GET "/users/sign_up" for ::1 at 2016-07-22 13:13:14 -0500
  [1m[36mActiveRecord::SchemaMigration Load (4.5ms)[0m  [1mSELECT "schema_migrations".* FROM "schema_migrations"[0m
Processing by Devise::RegistrationsController#new as HTML
  Rendered devise/shared/_links.html.erb (1.8ms)
  Rendered devise/registrations/new.html.erb within layouts/application (165.2ms)


Started GET "/" for ::1 at 2016-07-22 16:18:49 -0500
  [1m[36mActiveRecord::SchemaMigration Load (4.0ms)[0m  [1mSELECT "schema_migrations".* FROM "schema_migrations"[0m
Processing by WelcomeController#index as HTML
  [1m[35mArticle Load (5.2ms)[0m  SELECT  "articles".* FROM "articles"  ORDER BY created_at desc LIMIT 3
  [1m[36mProject Load (4.0ms)[0m  [1mSELECT  "projects".* FROM "projects"  ORDER BY created_at desc LIMIT 3[0m
  Rendered welcome/index.html.erb within layouts/application (52.9ms)
Completed 200 OK in 34292ms (Views: 34166.5ms | ActiveRecord: 26.6ms)


Started GET "/assets/application.self-560ad453827bdc2bebea88edff03a8a86688fc931f5f072f12e98471054494b6.css?body=1" for ::1 at 2016-07-22 16:19:24 -0500


Started GET "/assets/jquery.self-660adc51e0224b731d29f575a6f1ec167ba08ad06ed5deca4f1e8654c135bf4c.js?body=1" for ::1 at 2016-07-22 16:19:25 -0500


Started GET "/assets/jquery_ujs.self-e87806d0cf4489aeb1bb7288016024e8de67fd18db693fe026fe3907581e53cd.js?body=1" for ::1 at 2016-07-22 16:19:25 -0500


Started GET "/assets/articles.self-877aef30ae1b040ab8a3aba4e3e309a11d7f2612f44dde450b5c157aa5f95c05.js?body=1" for ::1 at 2016-07-22 16:19:25 -0500


Started GET "/assets/contacts.self-877aef30ae1b040ab8a3aba4e3e309a11d7f2612f44dde450b5c157aa5f95c05.js?body=1" for ::1 at 2016-07-22 16:19:25 -0500


Started GET "/assets/projects.self-877aef30ae1b040ab8a3aba4e3e309a11d7f2612f44dde450b5c157aa5f95c05.js?body=1" for ::1 at 2016-07-22 16:19:25 -0500


Started GET "/assets/welcome.self-877aef30ae1b040ab8a3aba4e3e309a11d7f2612f44dde450b5c157aa5f95c05.js?body=1" for ::1 at 2016-07-22 16:19:25 -0500


Started GET "/assets/materialize/initial.self-79f269ead2aeaa809299033919f9128fa0d9700d0248cad0dcd6442ce43dc389.js?body=1" for ::1 at 2016-07-22 16:19:25 -0500


Started GET "/assets/materialize/jquery.easing.1.3.self-0170bc905fbddc075a56bdccce1be6a58f3713a14137b607ba9bd9f96fd7835f.js?body=1" for ::1 at 2016-07-22 16:19:25 -0500


Started GET "/assets/materialize/animation.self-a1028b0bcf2e26331bedf7b90e81103f0707e69fdec488aa951de94b51987767.js?body=1" for ::1 at 2016-07-22 16:19:25 -0500


Started GET "/assets/materialize/velocity.min.self-5adbb81af5c205a959e06198156b4b31fcd57f02c592e3fb096d7b74e8f401a6.js?body=1" for ::1 at 2016-07-22 16:19:25 -0500


Started GET "/assets/materialize/hammer.min.self-bf8bdb0953b1a135f96716e362e1f7a8e64168c914fa77ca31973bb70e57a731.js?body=1" for ::1 at 2016-07-22 16:19:25 -0500


Started GET "/assets/materialize/jquery.hammer.self-73fd69102f356b9abfc9ee242b19895f62454f42cfcfa1f066be71d2c8f41c7a.js?body=1" for ::1 at 2016-07-22 16:19:25 -0500


Started GET "/assets/materialize/global.self-90649deff3358499c5859330da1363eea3e2bef75c80df5940f3894778f95027.js?body=1" for ::1 at 2016-07-22 16:19:25 -0500


Started GET "/assets/materialize/collapsible.self-4c13fea644257c8f9384721f7d3bc27bced51754ddf3602b56093e2450a5d9c2.js?body=1" for ::1 at 2016-07-22 16:19:25 -0500


Started GET "/assets/materialize/dropdown.self-846e8151c8bb8f7e39464f96bd95d48a37ff9831d8f478b6bdcbd563dd2534f0.js?body=1" for ::1 at 2016-07-22 16:19:25 -0500


Started GET "/assets/materialize/leanModal.self-127e920c37478ac94207994c34d28e40b2d44817a0d93176ed325bdbee80863e.js?body=1" for ::1 at 2016-07-22 16:19:25 -0500


Started GET "/assets/materialize/materialbox.self-8572736f9d17261189da8a9fc91555d63b29498f4f8665328e28261c7c4cdb68.js?body=1" for ::1 at 2016-07-22 16:19:25 -0500


Started GET "/assets/materialize/parallax.self-7ac34f0f3dcef83deee116ea473a2770cec13e07c8e0dcce08cc2372bbe295d3.js?body=1" for ::1 at 2016-07-22 16:19:25 -0500


Started GET "/assets/materialize/tabs.self-0eee47c7ae3f1cfcf49b9619bb067eaf4fa75379be3b78469a0120a8bf972bd3.js?body=1" for ::1 at 2016-07-22 16:19:25 -0500


Started GET "/assets/materialize/tooltip.self-df3538fd067523c8b7f4d50e060340ec0b551ebaba9733e157c404df9a96a185.js?body=1" for ::1 at 2016-07-22 16:19:25 -0500


Started GET "/assets/materialize/waves.self-26e9b9cfaa9ccbc292ed510f654bd279d69695f5337a14c9800b36e92f96735b.js?body=1" for ::1 at 2016-07-22 16:19:25 -0500


Started GET "/assets/materialize/toasts.self-1eaa9f33c4c3b83f381997876ba6ac53899a5ca72a6b401708c32625fc553adc.js?body=1" for ::1 at 2016-07-22 16:19:25 -0500


Started GET "/assets/materialize/sideNav.self-196d1801e7592bfd857227ce793d1de69b06fb6ca9d908f44f5618c8564a12d0.js?body=1" for ::1 at 2016-07-22 16:19:25 -0500


Started GET "/assets/materialize/scrollspy.self-2d0375d44b1d864ecb8e31c25a22c4f3be766284788b0c494ec51df71e2b0e09.js?body=1" for ::1 at 2016-07-22 16:19:25 -0500


Started GET "/assets/materialize/forms.self-e70e77c2b9157926587d6cfd009e8e0eedbaf059bdaa9e1bfe27b186b345598b.js?body=1" for ::1 at 2016-07-22 16:19:25 -0500


Started GET "/assets/materialize/slider.self-219e35a6b0ade584e951aa0f39fe9856b3ef0e6bb33af123dd4b8ce6757b03cb.js?body=1" for ::1 at 2016-07-22 16:19:25 -0500


Started GET "/assets/materialize/cards.self-b1de04b6f5f525d63199f556bb55d5b8bdae7170b91bfcb503958bc8ed10945b.js?body=1" for ::1 at 2016-07-22 16:19:25 -0500


Started GET "/assets/materialize/chips.self-9b19ca899ba360746581059852bf2a40b3338402eef9df9a7806efd8578056dd.js?body=1" for ::1 at 2016-07-22 16:19:25 -0500


Started GET "/assets/materialize/pushpin.self-101d3fec3225f47ac0da9bd501200d30f92f97f70fb15500c835cb850c962816.js?body=1" for ::1 at 2016-07-22 16:19:25 -0500


Started GET "/assets/materialize/buttons.self-fc0951c300b1984a00694eabc8c451531be448d646ac073b05e4d2fbf7209302.js?body=1" for ::1 at 2016-07-22 16:19:25 -0500


Started GET "/assets/materialize/transitions.self-c527b205edfdd1f961487c4c7beaf83c335262accb4dff964341a86eb60fd2f2.js?body=1" for ::1 at 2016-07-22 16:19:25 -0500


Started GET "/assets/materialize/scrollFire.self-9fb128253d776689dfe2091470e36d2e94c13c6340700135ee679aa20148dffd.js?body=1" for ::1 at 2016-07-22 16:19:26 -0500


Started GET "/assets/materialize/date_picker/picker.self-7a9d1216fe1172f8e8fd78fb86cfd4da25c909ebd6983cba5da20817d437d92b.js?body=1" for ::1 at 2016-07-22 16:19:26 -0500


Started GET "/assets/materialize/date_picker/picker.date.self-5924b278beda2df8570f137f72b37e2d0f516acbc11a0994d1abb74380f078ef.js?body=1" for ::1 at 2016-07-22 16:19:26 -0500


Started GET "/assets/materialize/character_counter.self-8bb854e15067a96db5bff6896d1d9435e4df83cf5bf6877a1d606940661d2588.js?body=1" for ::1 at 2016-07-22 16:19:26 -0500


Started GET "/assets/materialize/carousel.self-6f3b9002af3ab4d871a03a44d2e174370720ab31f19a4ee543c1904c32e2befa.js?body=1" for ::1 at 2016-07-22 16:19:26 -0500


Started GET "/assets/materialize-sprockets.self-4691589913babdfbd3fb736895105a8e826d4abde842e6d1e8dd2d188e255bc7.js?body=1" for ::1 at 2016-07-22 16:19:26 -0500


Started GET "/assets/application.self-1d083af4bee0c91bfece29f59f1c38e750e7b1ccbd74ebe822b2032af0d1233c.js?body=1" for ::1 at 2016-07-22 16:19:26 -0500


Started GET "/assets/logo2-d4997d1604fae3fa3fecea3f404110362e22b460669909816aff39d8668be3e4.png" for ::1 at 2016-07-22 16:19:26 -0500


Started GET "/assets/me-42610c61452fea7d7228c2e23830286d7ce01add32732655783a4e95ced0ef52.jpg" for ::1 at 2016-07-22 16:19:26 -0500


Started GET "/projects/testing-project-1" for ::1 at 2016-07-22 16:19:32 -0500
Processing by ProjectsController#show as HTML
  Parameters: {"id"=>"testing-project-1"}
  [1m[35mProject Load (7.6ms)[0m  SELECT  "projects".* FROM "projects" WHERE "projects"."slug" = ?  ORDER BY "projects"."id" ASC LIMIT 1  [["slug", "testing-project-1"]]
DEPRECATION WARNING: You are calling a `*_path` helper with the `only_path` option explicitly set to `false`. This option will stop working on path helpers in Rails 5. Use the corresponding `*_url` helper instead. (called from _app_views_projects__disqus_html_erb___4263510808416173294_70323056395840 at /Volumes/Users/Ahmad/Google Drive/ahmadatiyah/app/views/projects/_disqus.html.erb:7)
  Rendered projects/_disqus.html.erb (3.0ms)
  Rendered projects/show.html.erb within layouts/application (74.8ms)
Completed 200 OK in 815ms (Views: 751.3ms | ActiveRecord: 7.6ms)


Started GET "/projects/testing-project-1/edit" for ::1 at 2016-07-22 16:19:37 -0500
Processing by ProjectsController#edit as HTML
  Parameters: {"id"=>"testing-project-1"}
  [1m[36mProject Load (8.5ms)[0m  [1mSELECT  "projects".* FROM "projects" WHERE "projects"."slug" = ?  ORDER BY "projects"."id" ASC LIMIT 1[0m  [["slug", "testing-project-1"]]
Completed 401 Unauthorized in 55ms (ActiveRecord: 8.5ms)


Started GET "/users/sign_in" for ::1 at 2016-07-22 16:19:38 -0500
Processing by Devise::SessionsController#new as HTML
  Rendered devise/shared/_links.html.erb (6.3ms)
  Rendered devise/sessions/new.html.erb within layouts/application (178.3ms)
Completed 200 OK in 1254ms (Views: 1190.9ms | ActiveRecord: 12.1ms)


Started GET "/" for ::1 at 2016-07-22 16:19:43 -0500
Processing by WelcomeController#index as HTML
  [1m[35mArticle Load (4.8ms)[0m  SELECT  "articles".* FROM "articles"  ORDER BY created_at desc LIMIT 3
  [1m[36mProject Load (7.4ms)[0m  [1mSELECT  "projects".* FROM "projects"  ORDER BY created_at desc LIMIT 3[0m
  Rendered welcome/index.html.erb within layouts/application (20.9ms)
Completed 200 OK in 637ms (Views: 623.1ms | ActiveRecord: 12.2ms)
